2024-12-18 18:42:47,807 [Worker-5: Loading available Gradle versions] INFO  o.e.b.c.i.u.g.PublishedGradleVersions - Gradle version information cache is up-to-date. Trying to read.
2024-12-18 18:45:05,597 [Worker-11: Importing Maven projects] INFO  o.e.m.c.i.l.LifecycleMappingFactory - Using org.eclipse.m2e.jdt.JarLifecycleMapping lifecycle mapping for MavenProject: com.example:form:0.0.1-SNAPSHOT @ C:\Users\msi\Documents\GitHub\spring\quiz-app\form\pom.xml.
2024-12-18 18:45:07,199 [Worker-11: Importing Maven projects] INFO  o.e.m.c.i.l.LifecycleMappingFactory - Using org.eclipse.m2e.jdt.JarLifecycleMapping lifecycle mapping for MavenProject: passmvc:paas:0.0.1-SNAPSHOT @ C:\Users\msi\Documents\GitHub\spring\quiz-app\paas\pom.xml.
2024-12-18 18:45:07,586 [Worker-11: Importing Maven projects] WARN  o.e.m.c.i.embedder.EclipseLogger - The artifact mysql:mysql-connector-java:jar:8.0.33 has been relocated to com.mysql:mysql-connector-j:jar:8.0.33: MySQL Connector/J artifacts moved to reverse-DNS compliant Maven 2+ coordinates.
2024-12-18 18:45:07,649 [Worker-11: Importing Maven projects] INFO  o.e.m.c.i.l.LifecycleMappingFactory - Using NULL lifecycle mapping for MavenProject: org.viewdata:spring-webmvc:0.0.1-SNAPSHOT @ C:\Users\msi\Documents\GitHub\spring\quiz-app\spring-webmvc\pom.xml.
2024-12-18 18:45:07,755 [Worker-11: Importing Maven projects] INFO  o.e.m.c.i.l.LifecycleMappingFactory - Using org.eclipse.m2e.jdt.JarLifecycleMapping lifecycle mapping for MavenProject: com.springcorecollection:spring4core3collection:0.0.1-SNAPSHOT @ C:\Users\msi\Documents\GitHub\spring\quiz-app\springcore3collection\pom.xml.
2024-12-18 18:45:08,290 [Worker-11: Importing Maven projects] INFO  o.e.m.c.i.e.AbstractTransferListenerAdapter - Downloading https://repo.maven.apache.org/maven2/org/springframework/spring-core/5.2.25.RELEASE/spring-core-5.2.25.RELEASE.pom
2024-12-18 18:45:08,320 [Worker-11: Importing Maven projects] INFO  o.e.m.c.i.e.AbstractTransferListenerAdapter - Downloaded https://repo.maven.apache.org/maven2/org/springframework/spring-core/5.2.25.RELEASE/spring-core-5.2.25.RELEASE.pom
2024-12-18 18:45:08,367 [Worker-11: Importing Maven projects] INFO  o.e.m.c.i.e.AbstractTransferListenerAdapter - Downloading https://repo.maven.apache.org/maven2/org/springframework/spring-jcl/5.2.25.RELEASE/spring-jcl-5.2.25.RELEASE.pom
2024-12-18 18:45:08,374 [Worker-11: Importing Maven projects] INFO  o.e.m.c.i.e.AbstractTransferListenerAdapter - Downloaded https://repo.maven.apache.org/maven2/org/springframework/spring-jcl/5.2.25.RELEASE/spring-jcl-5.2.25.RELEASE.pom
2024-12-18 18:45:08,413 [Worker-11: Importing Maven projects] INFO  o.e.m.c.i.e.AbstractTransferListenerAdapter - Downloading https://repo.maven.apache.org/maven2/org/springframework/spring-context/5.2.25.RELEASE/spring-context-5.2.25.RELEASE.pom
2024-12-18 18:45:08,426 [Worker-11: Importing Maven projects] INFO  o.e.m.c.i.e.AbstractTransferListenerAdapter - Downloaded https://repo.maven.apache.org/maven2/org/springframework/spring-context/5.2.25.RELEASE/spring-context-5.2.25.RELEASE.pom
2024-12-18 18:45:08,473 [Worker-11: Importing Maven projects] INFO  o.e.m.c.i.e.AbstractTransferListenerAdapter - Downloading https://repo.maven.apache.org/maven2/org/springframework/spring-aop/5.2.25.RELEASE/spring-aop-5.2.25.RELEASE.pom
2024-12-18 18:45:08,484 [Worker-11: Importing Maven projects] INFO  o.e.m.c.i.e.AbstractTransferListenerAdapter - Downloaded https://repo.maven.apache.org/maven2/org/springframework/spring-aop/5.2.25.RELEASE/spring-aop-5.2.25.RELEASE.pom
2024-12-18 18:45:08,527 [Worker-11: Importing Maven projects] INFO  o.e.m.c.i.e.AbstractTransferListenerAdapter - Downloading https://repo.maven.apache.org/maven2/org/springframework/spring-beans/5.2.25.RELEASE/spring-beans-5.2.25.RELEASE.pom
2024-12-18 18:45:08,540 [Worker-11: Importing Maven projects] INFO  o.e.m.c.i.e.AbstractTransferListenerAdapter - Downloaded https://repo.maven.apache.org/maven2/org/springframework/spring-beans/5.2.25.RELEASE/spring-beans-5.2.25.RELEASE.pom
2024-12-18 18:45:08,585 [Worker-11: Importing Maven projects] INFO  o.e.m.c.i.e.AbstractTransferListenerAdapter - Downloading https://repo.maven.apache.org/maven2/org/springframework/spring-expression/5.2.25.RELEASE/spring-expression-5.2.25.RELEASE.pom
2024-12-18 18:45:08,595 [Worker-11: Importing Maven projects] INFO  o.e.m.c.i.e.AbstractTransferListenerAdapter - Downloaded https://repo.maven.apache.org/maven2/org/springframework/spring-expression/5.2.25.RELEASE/spring-expression-5.2.25.RELEASE.pom
2024-12-18 18:45:08,651 [Worker-11: Importing Maven projects] INFO  o.e.m.c.i.e.AbstractTransferListenerAdapter - Downloading https://repo.maven.apache.org/maven2/org/springframework/spring-core/5.2.25.RELEASE/spring-core-5.2.25.RELEASE.jar
2024-12-18 18:45:09,078 [Worker-11: Importing Maven projects] INFO  o.e.m.c.i.e.AbstractTransferListenerAdapter - Downloaded https://repo.maven.apache.org/maven2/org/springframework/spring-core/5.2.25.RELEASE/spring-core-5.2.25.RELEASE.jar
2024-12-18 18:45:09,108 [BasicRepositoryConnector-repo.maven.apache.org-0-2] INFO  o.e.m.c.i.e.AbstractTransferListenerAdapter - Downloading https://repo.maven.apache.org/maven2/org/springframework/spring-aop/5.2.25.RELEASE/spring-aop-5.2.25.RELEASE.jar
2024-12-18 18:45:09,192 [BasicRepositoryConnector-repo.maven.apache.org-0-3] INFO  o.e.m.c.i.e.AbstractTransferListenerAdapter - Downloading https://repo.maven.apache.org/maven2/org/springframework/spring-beans/5.2.25.RELEASE/spring-beans-5.2.25.RELEASE.jar
2024-12-18 18:45:09,196 [BasicRepositoryConnector-repo.maven.apache.org-0-0] INFO  o.e.m.c.i.e.AbstractTransferListenerAdapter - Downloading https://repo.maven.apache.org/maven2/org/springframework/spring-jcl/5.2.25.RELEASE/spring-jcl-5.2.25.RELEASE.jar
2024-12-18 18:45:09,212 [BasicRepositoryConnector-repo.maven.apache.org-0-2] INFO  o.e.m.c.i.e.AbstractTransferListenerAdapter - Downloaded https://repo.maven.apache.org/maven2/org/springframework/spring-aop/5.2.25.RELEASE/spring-aop-5.2.25.RELEASE.jar
2024-12-18 18:45:09,217 [BasicRepositoryConnector-repo.maven.apache.org-0-4] INFO  o.e.m.c.i.e.AbstractTransferListenerAdapter - Downloading https://repo.maven.apache.org/maven2/org/springframework/spring-expression/5.2.25.RELEASE/spring-expression-5.2.25.RELEASE.jar
2024-12-18 18:45:09,219 [BasicRepositoryConnector-repo.maven.apache.org-0-1] INFO  o.e.m.c.i.e.AbstractTransferListenerAdapter - Downloading https://repo.maven.apache.org/maven2/org/springframework/spring-context/5.2.25.RELEASE/spring-context-5.2.25.RELEASE.jar
2024-12-18 18:45:09,237 [BasicRepositoryConnector-repo.maven.apache.org-0-0] INFO  o.e.m.c.i.e.AbstractTransferListenerAdapter - Downloaded https://repo.maven.apache.org/maven2/org/springframework/spring-jcl/5.2.25.RELEASE/spring-jcl-5.2.25.RELEASE.jar
2024-12-18 18:45:09,415 [BasicRepositoryConnector-repo.maven.apache.org-0-4] INFO  o.e.m.c.i.e.AbstractTransferListenerAdapter - Downloaded https://repo.maven.apache.org/maven2/org/springframework/spring-expression/5.2.25.RELEASE/spring-expression-5.2.25.RELEASE.jar
2024-12-18 18:45:09,478 [BasicRepositoryConnector-repo.maven.apache.org-0-3] INFO  o.e.m.c.i.e.AbstractTransferListenerAdapter - Downloaded https://repo.maven.apache.org/maven2/org/springframework/spring-beans/5.2.25.RELEASE/spring-beans-5.2.25.RELEASE.jar
2024-12-18 18:45:09,660 [BasicRepositoryConnector-repo.maven.apache.org-0-1] INFO  o.e.m.c.i.e.AbstractTransferListenerAdapter - Downloaded https://repo.maven.apache.org/maven2/org/springframework/spring-context/5.2.25.RELEASE/spring-context-5.2.25.RELEASE.jar
2024-12-18 18:45:09,752 [Worker-11: Importing Maven projects] INFO  o.e.m.c.i.l.LifecycleMappingFactory - Using org.maven.ide.eclipse.wtp.WarLifecycleMapping lifecycle mapping for MavenProject: com.abhi:SpringMvc01HelloWordProject:0.0.1-SNAPSHOT @ C:\Users\msi\Documents\GitHub\spring\quiz-app\SpringMvc01HelloWordProject\pom.xml.
2024-12-18 18:45:09,832 [Worker-11: Importing Maven projects] INFO  o.e.m.c.i.l.LifecycleMappingFactory - Using org.maven.ide.eclipse.wtp.WarLifecycleMapping lifecycle mapping for MavenProject: com.abhi:SpringMvc02BasicProjectJavaBasedConfig:0.0.1-SNAPSHOT @ C:\Users\msi\Documents\GitHub\spring\quiz-app\SpringMvc02BasicProjectJavaBasedConfig\pom.xml.
2024-12-18 18:45:09,982 [Worker-11: Importing Maven projects] INFO  o.e.m.c.i.l.LifecycleMappingFactory - Using org.eclipse.m2e.jdt.JarLifecycleMapping lifecycle mapping for MavenProject: com.taskmanager:task-management-backend:0.0.1-SNAPSHOT @ C:\Users\msi\Documents\GitHub\spring\quiz-app\task-management-backend\pom.xml.
2024-12-18 18:45:15,430 [Worker-6: Download sources and javadoc] INFO  o.e.m.c.i.e.AbstractTransferListenerAdapter - Downloading https://repo.maven.apache.org/maven2/org/springframework/spring-core/5.2.25.RELEASE/spring-core-5.2.25.RELEASE-sources.jar
2024-12-18 18:45:15,576 [Worker-11: Importing Maven projects] INFO  o.e.m.j.i.AbstractJavaProjectConfigurator - Adding source folder /SpringMvc01HelloWordProject/src/main/java
2024-12-18 18:45:15,583 [Worker-11: Importing Maven projects] INFO  o.e.m.j.i.AbstractJavaProjectConfigurator - Adding resource folder /SpringMvc01HelloWordProject/src/main/resources
2024-12-18 18:45:15,586 [Worker-11: Importing Maven projects] INFO  o.e.m.j.i.AbstractJavaProjectConfigurator - Adding source folder /SpringMvc01HelloWordProject/src/test/java
2024-12-18 18:45:15,589 [Worker-11: Importing Maven projects] INFO  o.e.m.j.i.AbstractJavaProjectConfigurator - Adding resource folder /SpringMvc01HelloWordProject/src/test/resources
2024-12-18 18:45:15,613 [Worker-6: Download sources and javadoc] INFO  o.e.m.c.i.e.AbstractTransferListenerAdapter - Downloaded https://repo.maven.apache.org/maven2/org/springframework/spring-core/5.2.25.RELEASE/spring-core-5.2.25.RELEASE-sources.jar
2024-12-18 18:45:15,622 [Worker-6: Download sources and javadoc] INFO  o.e.m.j.internal.DownloadSourcesJob - Downloaded sources for org.springframework:spring-core:5.2.25.RELEASE
2024-12-18 18:45:15,726 [Worker-6: Download sources and javadoc] INFO  o.e.m.c.i.e.AbstractTransferListenerAdapter - Downloading https://repo.maven.apache.org/maven2/org/springframework/spring-jcl/5.2.25.RELEASE/spring-jcl-5.2.25.RELEASE-sources.jar
2024-12-18 18:45:15,734 [Worker-6: Download sources and javadoc] INFO  o.e.m.c.i.e.AbstractTransferListenerAdapter - Downloaded https://repo.maven.apache.org/maven2/org/springframework/spring-jcl/5.2.25.RELEASE/spring-jcl-5.2.25.RELEASE-sources.jar
2024-12-18 18:45:15,742 [Worker-6: Download sources and javadoc] INFO  o.e.m.j.internal.DownloadSourcesJob - Downloaded sources for org.springframework:spring-jcl:5.2.25.RELEASE
2024-12-18 18:45:15,856 [Worker-6: Download sources and javadoc] INFO  o.e.m.c.i.e.AbstractTransferListenerAdapter - Downloading https://repo.maven.apache.org/maven2/org/springframework/spring-context/5.2.25.RELEASE/spring-context-5.2.25.RELEASE-sources.jar
2024-12-18 18:45:16,083 [Worker-6: Download sources and javadoc] INFO  o.e.m.c.i.e.AbstractTransferListenerAdapter - Downloaded https://repo.maven.apache.org/maven2/org/springframework/spring-context/5.2.25.RELEASE/spring-context-5.2.25.RELEASE-sources.jar
2024-12-18 18:45:16,091 [Worker-6: Download sources and javadoc] INFO  o.e.m.j.internal.DownloadSourcesJob - Downloaded sources for org.springframework:spring-context:5.2.25.RELEASE
2024-12-18 18:45:16,195 [Worker-6: Download sources and javadoc] INFO  o.e.m.c.i.e.AbstractTransferListenerAdapter - Downloading https://repo.maven.apache.org/maven2/org/springframework/spring-aop/5.2.25.RELEASE/spring-aop-5.2.25.RELEASE-sources.jar
2024-12-18 18:45:16,318 [Worker-6: Download sources and javadoc] INFO  o.e.m.c.i.e.AbstractTransferListenerAdapter - Downloaded https://repo.maven.apache.org/maven2/org/springframework/spring-aop/5.2.25.RELEASE/spring-aop-5.2.25.RELEASE-sources.jar
2024-12-18 18:45:16,324 [Worker-6: Download sources and javadoc] INFO  o.e.m.j.internal.DownloadSourcesJob - Downloaded sources for org.springframework:spring-aop:5.2.25.RELEASE
2024-12-18 18:45:16,459 [Worker-6: Download sources and javadoc] INFO  o.e.m.c.i.e.AbstractTransferListenerAdapter - Downloading https://repo.maven.apache.org/maven2/org/springframework/spring-beans/5.2.25.RELEASE/spring-beans-5.2.25.RELEASE-sources.jar
2024-12-18 18:45:16,661 [Worker-6: Download sources and javadoc] INFO  o.e.m.c.i.e.AbstractTransferListenerAdapter - Downloaded https://repo.maven.apache.org/maven2/org/springframework/spring-beans/5.2.25.RELEASE/spring-beans-5.2.25.RELEASE-sources.jar
2024-12-18 18:45:16,669 [Worker-6: Download sources and javadoc] INFO  o.e.m.j.internal.DownloadSourcesJob - Downloaded sources for org.springframework:spring-beans:5.2.25.RELEASE
2024-12-18 18:45:16,800 [Worker-6: Download sources and javadoc] INFO  o.e.m.c.i.e.AbstractTransferListenerAdapter - Downloading https://repo.maven.apache.org/maven2/org/springframework/spring-expression/5.2.25.RELEASE/spring-expression-5.2.25.RELEASE-sources.jar
2024-12-18 18:45:16,881 [Worker-6: Download sources and javadoc] INFO  o.e.m.c.i.e.AbstractTransferListenerAdapter - Downloaded https://repo.maven.apache.org/maven2/org/springframework/spring-expression/5.2.25.RELEASE/spring-expression-5.2.25.RELEASE-sources.jar
2024-12-18 18:45:16,888 [Worker-6: Download sources and javadoc] INFO  o.e.m.j.internal.DownloadSourcesJob - Downloaded sources for org.springframework:spring-expression:5.2.25.RELEASE
2024-12-18 18:45:17,494 [Worker-11: Importing Maven projects] INFO  o.e.m.j.i.AbstractJavaProjectConfigurator - Adding source folder /spring4core3collection/src/main/java
2024-12-18 18:45:17,513 [Worker-11: Importing Maven projects] INFO  o.e.m.j.i.AbstractJavaProjectConfigurator - Adding resource folder /spring4core3collection/src/main/resources
2024-12-18 18:45:17,514 [Worker-11: Importing Maven projects] INFO  o.e.m.j.i.AbstractJavaProjectConfigurator - Adding source folder /spring4core3collection/src/test/java
2024-12-18 18:45:17,516 [Worker-11: Importing Maven projects] INFO  o.e.m.j.i.AbstractJavaProjectConfigurator - Adding resource folder /spring4core3collection/src/test/resources
2024-12-18 18:45:17,778 [Worker-11: Importing Maven projects] INFO  o.e.m.j.i.AbstractJavaProjectConfigurator - Adding source folder /form/src/main/java
2024-12-18 18:45:17,779 [Worker-11: Importing Maven projects] INFO  o.e.m.j.i.AbstractJavaProjectConfigurator - Adding resource folder /form/src/main/resources
2024-12-18 18:45:17,801 [Worker-11: Importing Maven projects] INFO  o.e.m.j.i.AbstractJavaProjectConfigurator - Adding resource folder /form/src/main/resources
2024-12-18 18:45:17,810 [Worker-11: Importing Maven projects] INFO  o.e.m.j.i.AbstractJavaProjectConfigurator - Adding source folder /form/src/test/java
2024-12-18 18:45:17,812 [Worker-11: Importing Maven projects] INFO  o.e.m.j.i.AbstractJavaProjectConfigurator - Adding resource folder /form/src/test/resources
2024-12-18 18:45:18,492 [Worker-11: Importing Maven projects] INFO  o.e.m.j.i.AbstractJavaProjectConfigurator - Adding source folder /SpringMvc02BasicProjectJavaBasedConfig/src/main/java
2024-12-18 18:45:18,494 [Worker-11: Importing Maven projects] INFO  o.e.m.j.i.AbstractJavaProjectConfigurator - Adding resource folder /SpringMvc02BasicProjectJavaBasedConfig/src/main/resources
2024-12-18 18:45:18,495 [Worker-11: Importing Maven projects] INFO  o.e.m.j.i.AbstractJavaProjectConfigurator - Adding source folder /SpringMvc02BasicProjectJavaBasedConfig/src/test/java
2024-12-18 18:45:18,497 [Worker-11: Importing Maven projects] INFO  o.e.m.j.i.AbstractJavaProjectConfigurator - Adding resource folder /SpringMvc02BasicProjectJavaBasedConfig/src/test/resources
2024-12-18 18:45:18,722 [Worker-11: Importing Maven projects] INFO  o.e.m.j.i.AbstractJavaProjectConfigurator - Adding source folder /task-management-backend/src/main/java
2024-12-18 18:45:18,724 [Worker-11: Importing Maven projects] INFO  o.e.m.j.i.AbstractJavaProjectConfigurator - Adding resource folder /task-management-backend/src/main/resources
2024-12-18 18:45:18,732 [Worker-11: Importing Maven projects] INFO  o.e.m.j.i.AbstractJavaProjectConfigurator - Adding resource folder /task-management-backend/src/main/resources
2024-12-18 18:45:18,738 [Worker-11: Importing Maven projects] INFO  o.e.m.j.i.AbstractJavaProjectConfigurator - Adding source folder /task-management-backend/src/test/java
2024-12-18 18:45:18,740 [Worker-11: Importing Maven projects] INFO  o.e.m.j.i.AbstractJavaProjectConfigurator - Adding resource folder /task-management-backend/src/test/resources
2024-12-18 18:45:19,417 [Worker-11: Importing Maven projects] INFO  o.e.m.j.i.AbstractJavaProjectConfigurator - Adding source folder /paas/src/main/java
2024-12-18 18:45:19,418 [Worker-11: Importing Maven projects] INFO  o.e.m.j.i.AbstractJavaProjectConfigurator - Adding resource folder /paas/src/main/resources
2024-12-18 18:45:19,419 [Worker-11: Importing Maven projects] INFO  o.e.m.j.i.AbstractJavaProjectConfigurator - Adding source folder /paas/src/test/java
2024-12-18 18:45:19,422 [Worker-11: Importing Maven projects] INFO  o.e.m.j.i.AbstractJavaProjectConfigurator - Adding resource folder /paas/src/test/resources
2024-12-18 18:45:19,899 [Worker-11: Importing Maven projects] INFO  o.e.m.c.i.p.ProjectConfigurationManager - Imported and configured 7 project(s) in 20 sec
2024-12-18 18:45:22,070 [Worker-12: Updating Maven Project] INFO  o.e.m.c.i.p.ProjectConfigurationManager - Update started
2024-12-18 18:45:22,726 [Worker-12: Updating Maven Project] INFO  o.e.m.c.i.l.LifecycleMappingFactory - Using org.eclipse.m2e.jdt.JarLifecycleMapping lifecycle mapping for MavenProject: passmvc:paas:0.0.1-SNAPSHOT @ C:\Users\msi\Documents\GitHub\spring\quiz-app\paas\pom.xml.
2024-12-18 18:45:22,985 [Worker-12: Updating Maven Project] WARN  o.e.m.c.i.embedder.EclipseLogger - The artifact mysql:mysql-connector-java:jar:8.0.33 has been relocated to com.mysql:mysql-connector-j:jar:8.0.33: MySQL Connector/J artifacts moved to reverse-DNS compliant Maven 2+ coordinates.
2024-12-18 18:45:23,397 [Worker-12: Updating Maven Project] INFO  o.e.m.j.i.AbstractJavaProjectConfigurator - Adding source folder /paas/src/main/java
2024-12-18 18:45:23,399 [Worker-12: Updating Maven Project] INFO  o.e.m.j.i.AbstractJavaProjectConfigurator - Adding resource folder /paas/src/main/resources
2024-12-18 18:45:23,400 [Worker-12: Updating Maven Project] INFO  o.e.m.j.i.AbstractJavaProjectConfigurator - Adding source folder /paas/src/test/java
2024-12-18 18:45:23,403 [Worker-12: Updating Maven Project] INFO  o.e.m.j.i.AbstractJavaProjectConfigurator - Adding resource folder /paas/src/test/resources
2024-12-18 18:45:25,865 [Worker-12: Updating Maven Project] INFO  o.e.m.c.i.p.ProjectConfigurationManager - Update completed for 1 poms: local refresh takes 0.00 sec, refresh facades takes 1.00 sec, update config takes 0.00 sec 
2024-12-18 18:45:25,878 [Worker-8: Updating Maven Project] INFO  o.e.m.c.i.p.ProjectConfigurationManager - Update started
2024-12-18 18:45:26,005 [Worker-8: Updating Maven Project] INFO  o.e.m.c.i.l.LifecycleMappingFactory - Using NULL lifecycle mapping for MavenProject: org.viewdata:spring-webmvc:0.0.1-SNAPSHOT @ C:\Users\msi\Documents\GitHub\spring\quiz-app\spring-webmvc\pom.xml.
2024-12-18 18:45:26,204 [Worker-8: Updating Maven Project] INFO  o.e.m.c.i.l.LifecycleMappingFactory - Using org.eclipse.m2e.jdt.JarLifecycleMapping lifecycle mapping for MavenProject: com.springcorecollection:spring4core3collection:0.0.1-SNAPSHOT @ C:\Users\msi\Documents\GitHub\spring\quiz-app\springcore3collection\pom.xml.
2024-12-18 18:45:26,419 [Worker-8: Updating Maven Project] INFO  o.e.m.j.i.AbstractJavaProjectConfigurator - Adding source folder /spring4core3collection/src/main/java
2024-12-18 18:45:26,422 [Worker-8: Updating Maven Project] INFO  o.e.m.j.i.AbstractJavaProjectConfigurator - Adding resource folder /spring4core3collection/src/main/resources
2024-12-18 18:45:26,423 [Worker-8: Updating Maven Project] INFO  o.e.m.j.i.AbstractJavaProjectConfigurator - Adding source folder /spring4core3collection/src/test/java
2024-12-18 18:45:26,425 [Worker-8: Updating Maven Project] INFO  o.e.m.j.i.AbstractJavaProjectConfigurator - Adding resource folder /spring4core3collection/src/test/resources
2024-12-18 18:45:28,566 [Worker-8: Updating Maven Project] INFO  o.e.m.c.i.p.ProjectConfigurationManager - Update completed for 2 poms: local refresh takes 0.00 sec, refresh facades takes 0.00 sec, update config takes 2.00 sec 
2024-12-18 18:45:28,593 [Worker-10: Updating Maven Project] INFO  o.e.m.c.i.p.ProjectConfigurationManager - Update started
2024-12-18 18:45:31,151 [Worker-10: Updating Maven Project] INFO  o.e.m.c.i.l.LifecycleMappingFactory - Using org.maven.ide.eclipse.wtp.WarLifecycleMapping lifecycle mapping for MavenProject: com.abhi:SpringMvc02BasicProjectJavaBasedConfig:0.0.1-SNAPSHOT @ C:\Users\msi\Documents\GitHub\spring\quiz-app\SpringMvc02BasicProjectJavaBasedConfig\pom.xml.
2024-12-18 18:45:31,258 [Worker-10: Updating Maven Project] INFO  o.e.m.c.i.l.LifecycleMappingFactory - Using org.eclipse.m2e.jdt.JarLifecycleMapping lifecycle mapping for MavenProject: com.example:form:0.0.1-SNAPSHOT @ C:\Users\msi\Documents\GitHub\spring\quiz-app\form\pom.xml.
2024-12-18 18:45:31,990 [Worker-10: Updating Maven Project] INFO  o.e.m.c.i.l.LifecycleMappingFactory - Using org.eclipse.m2e.jdt.JarLifecycleMapping lifecycle mapping for MavenProject: com.taskmanager:task-management-backend:0.0.1-SNAPSHOT @ C:\Users\msi\Documents\GitHub\spring\quiz-app\task-management-backend\pom.xml.
2024-12-18 18:45:33,376 [Worker-10: Updating Maven Project] INFO  o.e.m.j.i.AbstractJavaProjectConfigurator - Adding source folder /SpringMvc02BasicProjectJavaBasedConfig/src/main/java
2024-12-18 18:45:33,378 [Worker-10: Updating Maven Project] INFO  o.e.m.j.i.AbstractJavaProjectConfigurator - Adding resource folder /SpringMvc02BasicProjectJavaBasedConfig/src/main/resources
2024-12-18 18:45:33,379 [Worker-10: Updating Maven Project] INFO  o.e.m.j.i.AbstractJavaProjectConfigurator - Adding source folder /SpringMvc02BasicProjectJavaBasedConfig/src/test/java
2024-12-18 18:45:33,380 [Worker-10: Updating Maven Project] INFO  o.e.m.j.i.AbstractJavaProjectConfigurator - Adding resource folder /SpringMvc02BasicProjectJavaBasedConfig/src/test/resources
2024-12-18 18:45:33,549 [Worker-10: Updating Maven Project] INFO  o.e.m.j.i.AbstractJavaProjectConfigurator - Adding source folder /form/src/main/java
2024-12-18 18:45:33,550 [Worker-10: Updating Maven Project] INFO  o.e.m.j.i.AbstractJavaProjectConfigurator - Adding resource folder /form/src/main/resources
2024-12-18 18:45:33,552 [Worker-10: Updating Maven Project] INFO  o.e.m.j.i.AbstractJavaProjectConfigurator - Adding resource folder /form/src/main/resources
2024-12-18 18:45:33,553 [Worker-10: Updating Maven Project] INFO  o.e.m.j.i.AbstractJavaProjectConfigurator - Adding source folder /form/src/test/java
2024-12-18 18:45:33,555 [Worker-10: Updating Maven Project] INFO  o.e.m.j.i.AbstractJavaProjectConfigurator - Adding resource folder /form/src/test/resources
2024-12-18 18:45:34,033 [Worker-10: Updating Maven Project] INFO  o.e.m.j.i.AbstractJavaProjectConfigurator - Adding source folder /task-management-backend/src/main/java
2024-12-18 18:45:34,034 [Worker-10: Updating Maven Project] INFO  o.e.m.j.i.AbstractJavaProjectConfigurator - Adding resource folder /task-management-backend/src/main/resources
2024-12-18 18:45:34,036 [Worker-10: Updating Maven Project] INFO  o.e.m.j.i.AbstractJavaProjectConfigurator - Adding resource folder /task-management-backend/src/main/resources
2024-12-18 18:45:34,037 [Worker-10: Updating Maven Project] INFO  o.e.m.j.i.AbstractJavaProjectConfigurator - Adding source folder /task-management-backend/src/test/java
2024-12-18 18:45:34,039 [Worker-10: Updating Maven Project] INFO  o.e.m.j.i.AbstractJavaProjectConfigurator - Adding resource folder /task-management-backend/src/test/resources
2024-12-18 18:45:34,571 [Worker-10: Updating Maven Project] INFO  o.e.m.w.i.f.ResourceFilteringBuildParticipant - Cleaning filtered folder for SpringMvc02BasicProjectJavaBasedConfig
2024-12-18 18:45:35,118 [Worker-10: Updating Maven Project] INFO  o.e.m.c.i.p.ProjectConfigurationManager - Update completed for 3 poms: local refresh takes 0.00 sec, refresh facades takes 4.00 sec, update config takes 1.00 sec 
2024-12-18 18:45:40,463 [Worker-5: Building] WARN  o.a.m.s.f.DefaultMavenResourcesFiltering - Using platform encoding (UTF-8 actually) to copy filtered resources, i.e. build is platform dependent!
2024-12-18 18:45:40,465 [Worker-5: Building] INFO  o.a.m.s.f.DefaultMavenResourcesFiltering - skip non existing resourceDirectory C:\Users\msi\Documents\GitHub\spring\quiz-app\SpringMvc01HelloWordProject\src\main\resources
2024-12-18 18:45:40,475 [Worker-5: Building] WARN  o.a.m.s.f.DefaultMavenResourcesFiltering - Using platform encoding (UTF-8 actually) to copy filtered resources, i.e. build is platform dependent!
2024-12-18 18:45:40,477 [Worker-5: Building] INFO  o.a.m.s.f.DefaultMavenResourcesFiltering - skip non existing resourceDirectory C:\Users\msi\Documents\GitHub\spring\quiz-app\SpringMvc01HelloWordProject\src\test\resources
2024-12-18 18:45:41,747 [Worker-5: Building] WARN  o.a.m.s.f.DefaultMavenResourcesFiltering - Using platform encoding (UTF-8 actually) to copy filtered resources, i.e. build is platform dependent!
2024-12-18 18:45:41,749 [Worker-5: Building] INFO  o.a.m.s.f.DefaultMavenResourcesFiltering - skip non existing resourceDirectory C:\Users\msi\Documents\GitHub\spring\quiz-app\SpringMvc02BasicProjectJavaBasedConfig\src\main\resources
2024-12-18 18:45:41,756 [Worker-5: Building] WARN  o.a.m.s.f.DefaultMavenResourcesFiltering - Using platform encoding (UTF-8 actually) to copy filtered resources, i.e. build is platform dependent!
2024-12-18 18:45:41,759 [Worker-5: Building] INFO  o.a.m.s.f.DefaultMavenResourcesFiltering - skip non existing resourceDirectory C:\Users\msi\Documents\GitHub\spring\quiz-app\SpringMvc02BasicProjectJavaBasedConfig\src\test\resources
2024-12-18 18:45:41,760 [Worker-5: Building] INFO  o.e.m.w.i.f.ResourceFilteringBuildParticipant - Changed resources require a complete clean of filtered resources of SpringMvc02BasicProjectJavaBasedConfig
2024-12-18 18:45:41,761 [Worker-5: Building] INFO  o.e.m.w.i.f.ResourceFilteringBuildParticipant - Executing resource filtering for SpringMvc02BasicProjectJavaBasedConfig
2024-12-18 18:45:42,588 [Worker-5: Building] INFO  o.a.m.s.f.DefaultMavenResourcesFiltering - Copying 1 resource from src\main\resources to target\classes
2024-12-18 18:45:42,627 [Worker-5: Building] INFO  o.a.m.s.f.DefaultMavenResourcesFiltering - Copying 2 resources from src\main\resources to target\classes
2024-12-18 18:45:42,651 [Worker-5: Building] INFO  o.a.m.s.f.DefaultMavenResourcesFiltering - skip non existing resourceDirectory C:\Users\msi\Documents\GitHub\spring\quiz-app\form\src\test\resources
2024-12-18 18:45:43,809 [Worker-5: Building] WARN  o.a.m.s.f.DefaultMavenResourcesFiltering - Using platform encoding (UTF-8 actually) to copy filtered resources, i.e. build is platform dependent!
2024-12-18 18:45:43,812 [Worker-5: Building] INFO  o.a.m.s.f.DefaultMavenResourcesFiltering - Copying 2 resources from src\main\resources to target\classes
2024-12-18 18:45:43,827 [Worker-5: Building] WARN  o.a.m.s.f.DefaultMavenResourcesFiltering - Using platform encoding (UTF-8 actually) to copy filtered resources, i.e. build is platform dependent!
2024-12-18 18:45:43,828 [Worker-5: Building] INFO  o.a.m.s.f.DefaultMavenResourcesFiltering - skip non existing resourceDirectory C:\Users\msi\Documents\GitHub\spring\quiz-app\paas\src\test\resources
2024-12-18 18:45:44,491 [Worker-5: Building] INFO  o.a.m.s.f.DefaultMavenResourcesFiltering - skip non existing resourceDirectory C:\Users\msi\Documents\GitHub\spring\quiz-app\springcore3collection\src\main\resources
2024-12-18 18:45:44,494 [Worker-5: Building] INFO  o.a.m.s.f.DefaultMavenResourcesFiltering - skip non existing resourceDirectory C:\Users\msi\Documents\GitHub\spring\quiz-app\springcore3collection\src\test\resources
2024-12-18 18:50:04,201 [Worker-1: Importing Maven projects] INFO  o.e.m.c.i.l.LifecycleMappingFactory - Using org.eclipse.m2e.jdt.JarLifecycleMapping lifecycle mapping for MavenProject: com.quizapp:quiz-app:0.0.1-SNAPSHOT @ C:\Users\msi\Downloads\quiz-app\pom.xml.
2024-12-18 18:50:04,750 [Worker-1: Importing Maven projects] WARN  o.e.m.c.i.embedder.EclipseLogger - The artifact mysql:mysql-connector-java:jar:8.0.33 has been relocated to com.mysql:mysql-connector-j:jar:8.0.33: MySQL Connector/J artifacts moved to reverse-DNS compliant Maven 2+ coordinates.
2024-12-18 18:50:04,752 [Worker-1: Importing Maven projects] WARN  o.e.m.c.i.embedder.EclipseLogger - The artifact org.hibernate:hibernate-core:jar:6.6.2.Final has been relocated to org.hibernate.orm:hibernate-core:jar:6.6.2.Final
2024-12-18 18:50:06,257 [Worker-1: Importing Maven projects] INFO  o.e.m.j.i.AbstractJavaProjectConfigurator - Adding source folder /quiz-app/src/main/java
2024-12-18 18:50:06,259 [Worker-1: Importing Maven projects] INFO  o.e.m.j.i.AbstractJavaProjectConfigurator - Adding resource folder /quiz-app/src/main/resources
2024-12-18 18:50:06,260 [Worker-1: Importing Maven projects] INFO  o.e.m.j.i.AbstractJavaProjectConfigurator - Adding resource folder /quiz-app/src/main/resources
2024-12-18 18:50:06,260 [Worker-1: Importing Maven projects] INFO  o.e.m.j.i.AbstractJavaProjectConfigurator - Adding source folder /quiz-app/src/test/java
2024-12-18 18:50:06,261 [Worker-1: Importing Maven projects] INFO  o.e.m.j.i.AbstractJavaProjectConfigurator - Adding resource folder /quiz-app/src/test/resources
2024-12-18 18:50:06,651 [Worker-1: Importing Maven projects] INFO  o.e.m.c.i.p.ProjectConfigurationManager - Imported and configured 1 project(s) in 3 sec
2024-12-18 18:50:08,028 [Worker-19: Building] INFO  o.a.m.s.f.DefaultMavenResourcesFiltering - Copying 1 resource from src\main\resources to target\classes
2024-12-18 18:50:08,064 [Worker-19: Building] INFO  o.a.m.s.f.DefaultMavenResourcesFiltering - Copying 1 resource from src\main\resources to target\classes
2024-12-18 18:50:08,090 [Worker-19: Building] INFO  o.a.m.s.f.DefaultMavenResourcesFiltering - Copying 0 resource from src\test\resources to target\test-classes
